15:26:49 INFO  : Launching XSDB server: xsdb -s /opt/Xilinx/SDK/2014.4/scripts/xsdb/xsdb/xsdb-server.tcl 2450
15:28:32 WARN  :  [Hsi 55-1559] Software Design already exists with Name /home/jal/tess/OSExplorer/standalone_bsp_0/system.mss
15:28:32 WARN  :  [Hsi 55-1559] Software Design already exists with Name /home/jal/tess/OSExplorer/standalone_bsp_0/system.mss
15:28:32 WARN  :  [Hsi 55-1559] Software Design already exists with Name /home/jal/tess/OSExplorer/standalone_bsp_0/system.mss
 [Hsi 55-1559] Software Design already exists with Name /home/jal/tess/OSExplorer/standalone_bsp_0/system.mss
15:29:04 INFO  : ps7_init is completed.
15:29:04 INFO  : ps7_post_config is completed.
15:29:05 INFO  : Processor reset is completed for ps7_cortexa9_0
15:29:05 INFO  : Memory regions updated for context APU
15:29:09 INFO  : Application is downloaded for ps7_cortexa9_0. (/home/karih/dhu_gse_workspace/OSExpl/Debug/OSExpl.elf)
15:29:12 INFO  : Processor reset is completed for ps7_cortexa9_0
15:29:12 INFO  : Memory regions updated for context APU
15:29:16 INFO  : Application is downloaded for ps7_cortexa9_0. (/home/karih/dhu_gse_workspace/OSExpl/Debug/OSExpl.elf)
15:29:58 INFO  : Processor reset is completed for ps7_cortexa9_0
15:29:58 INFO  : Memory regions updated for context APU
15:30:01 INFO  : Application is downloaded for ps7_cortexa9_0. (/home/karih/dhu_gse_workspace/OSExpl/Debug/OSExpl.elf)
15:30:46 INFO  : Processor reset is completed for ps7_cortexa9_0
15:30:47 INFO  : Memory regions updated for context APU
15:30:50 INFO  : Application is downloaded for ps7_cortexa9_0. (/home/karih/dhu_gse_workspace/OSExpl/Debug/OSExpl.elf)
15:32:41 INFO  : ps7_init is completed.
15:32:41 INFO  : ps7_post_config is completed.
15:32:42 INFO  : Processor reset is completed for ps7_cortexa9_0
15:32:42 INFO  : Memory regions updated for context APU
15:32:45 INFO  : Application is downloaded for ps7_cortexa9_0. (/home/karih/dhu_gse_workspace/OSExpl/Debug/OSExpl.elf)
15:54:23 ERROR : Unexpected error while parsing XMD response ￿: com.google.gson.JsonSyntaxException: com.google.gson.stream.MalformedJsonException: invalid number or unquoted string near 
15:58:39 INFO  : Launching XSDB server: xsdb -s /opt/Xilinx/SDK/2014.4/scripts/xsdb/xsdb/xsdb-server.tcl 2450
16:08:49 INFO  : ps7_init is completed.
16:08:49 INFO  : ps7_post_config is completed.
16:08:50 INFO  : Processor reset is completed for ps7_cortexa9_0
16:08:50 INFO  : Memory regions updated for context APU
16:08:53 INFO  : Application is downloaded for ps7_cortexa9_0. (/home/karih/dhu_gse_workspace/OSExpl/Debug/OSExpl.elf)
16:10:35 INFO  : Processor reset is completed for ps7_cortexa9_0
16:10:35 INFO  : Memory regions updated for context APU
16:10:39 INFO  : Application is downloaded for ps7_cortexa9_0. (/home/karih/dhu_gse_workspace/OSExpl/Debug/OSExpl.elf)
16:12:00 INFO  : Processor reset is completed for ps7_cortexa9_0
16:12:00 INFO  : Memory regions updated for context APU
16:12:03 INFO  : Application is downloaded for ps7_cortexa9_0. (/home/karih/dhu_gse_workspace/OSExpl/Debug/OSExpl.elf)
16:13:28 INFO  : Processor reset is completed for ps7_cortexa9_0
16:13:29 INFO  : Memory regions updated for context APU
16:13:32 INFO  : Application is downloaded for ps7_cortexa9_0. (/home/karih/dhu_gse_workspace/OSExpl/Debug/OSExpl.elf)
16:27:00 INFO  : ps7_init is completed.
16:27:00 INFO  : ps7_post_config is completed.
16:27:01 INFO  : Processor reset is completed for ps7_cortexa9_0
16:27:01 INFO  : Memory regions updated for context APU
16:27:05 INFO  : Application is downloaded for ps7_cortexa9_0. (/home/karih/dhu_gse_workspace/OSExpl/Debug/OSExpl.elf)
16:29:02 INFO  : ps7_init is completed.
16:29:02 INFO  : ps7_post_config is completed.
16:29:03 INFO  : Processor reset is completed for ps7_cortexa9_0
16:29:03 INFO  : Memory regions updated for context APU
16:29:07 INFO  : Application is downloaded for ps7_cortexa9_0. (/home/karih/dhu_gse_workspace/OSExpl/Debug/OSExpl.elf)
16:31:02 INFO  : ps7_init is completed.
16:31:02 INFO  : ps7_post_config is completed.
16:31:03 INFO  : Processor reset is completed for ps7_cortexa9_0
16:31:03 INFO  : Memory regions updated for context APU
16:31:07 INFO  : Application is downloaded for ps7_cortexa9_0. (/home/karih/dhu_gse_workspace/OSExpl/Debug/OSExpl.elf)
16:35:53 INFO  : ps7_init is completed.
16:35:54 INFO  : ps7_post_config is completed.
16:35:54 INFO  : Processor reset is completed for ps7_cortexa9_0
16:35:55 INFO  : Memory regions updated for context APU
16:35:58 INFO  : Application is downloaded for ps7_cortexa9_0. (/home/karih/dhu_gse_workspace/OSExpl/Debug/OSExpl.elf)
16:39:07 ERROR : Unexpected error while parsing XMD response ￿: com.google.gson.JsonSyntaxException: com.google.gson.stream.MalformedJsonException: invalid number or unquoted string near 
16:45:12 INFO  : Launching XSDB server: xsdb -s /opt/Xilinx/SDK/2014.4/scripts/xsdb/xsdb/xsdb-server.tcl 2450
16:45:56 INFO  : Processor reset is completed for ps7_cortexa9_0
16:45:57 INFO  : Memory regions updated for context APU
16:46:00 INFO  : Application is downloaded for ps7_cortexa9_0. (/home/karih/dhu_gse_workspace/OSExpl/Debug/OSExpl.elf)
16:48:24 INFO  : ps7_init is completed.
16:48:24 INFO  : ps7_post_config is completed.
16:48:25 INFO  : Processor reset is completed for ps7_cortexa9_0
16:48:25 INFO  : Memory regions updated for context APU
16:48:28 INFO  : Application is downloaded for ps7_cortexa9_0. (/home/karih/dhu_gse_workspace/OSExpl/Debug/OSExpl.elf)
09:09:12 ERROR : Unexpected error while parsing XMD response ￿: com.google.gson.JsonSyntaxException: com.google.gson.stream.MalformedJsonException: invalid number or unquoted string near 
12:58:36 INFO  : Launching XSDB server: xsdb -s /opt/Xilinx/SDK/2014.4/scripts/xsdb/xsdb/xsdb-server.tcl 2450
12:58:59 INFO  : Processor reset is completed for ps7_cortexa9_0
12:59:00 INFO  : Memory regions updated for context APU
12:59:03 INFO  : Application is downloaded for ps7_cortexa9_0. (/home/jal/dhu_gse_workspace/dhu_gse_workspace_04_24/OSExpl/Debug/OSExpl.elf)
13:00:48 INFO  : Processor reset is completed for ps7_cortexa9_0
13:00:48 INFO  : Memory regions updated for context APU
13:00:51 INFO  : Application is downloaded for ps7_cortexa9_0. (/home/jal/dhu_gse_workspace/dhu_gse_workspace_04_24/OSExpl/Debug/OSExpl.elf)
13:01:54 INFO  : ps7_init is completed.
13:01:54 INFO  : ps7_post_config is completed.
13:01:55 INFO  : Processor reset is completed for ps7_cortexa9_0
13:01:55 INFO  : Memory regions updated for context APU
13:01:59 INFO  : Application is downloaded for ps7_cortexa9_0. (/home/jal/dhu_gse_workspace/dhu_gse_workspace_04_24/OSExpl/Debug/OSExpl.elf)
13:05:29 INFO  : ps7_init is completed.
13:05:29 INFO  : ps7_post_config is completed.
13:05:30 INFO  : Processor reset is completed for ps7_cortexa9_0
13:05:30 INFO  : Memory regions updated for context APU
13:05:33 INFO  : Application is downloaded for ps7_cortexa9_0. (/home/jal/dhu_gse_workspace/dhu_gse_workspace_04_24/OSExpl/Debug/OSExpl.elf)
13:09:12 INFO  : Processor reset is completed for ps7_cortexa9_0
13:09:12 INFO  : Memory regions updated for context APU
13:09:16 INFO  : Application is downloaded for ps7_cortexa9_0. (/home/jal/dhu_gse_workspace/dhu_gse_workspace_04_24/OSExpl/Debug/OSExpl.elf)
13:10:13 INFO  : ps7_init is completed.
13:10:13 INFO  : ps7_post_config is completed.
13:10:14 INFO  : Processor reset is completed for ps7_cortexa9_0
13:10:14 INFO  : Memory regions updated for context APU
13:10:18 INFO  : Application is downloaded for ps7_cortexa9_0. (/home/jal/dhu_gse_workspace/dhu_gse_workspace_04_24/OSExpl/Debug/OSExpl.elf)
13:12:30 INFO  : Processor reset is completed for ps7_cortexa9_0
13:12:30 INFO  : Memory regions updated for context APU
13:12:34 INFO  : Application is downloaded for ps7_cortexa9_0. (/home/jal/dhu_gse_workspace/dhu_gse_workspace_04_24/OSExpl/Debug/OSExpl.elf)
13:14:14 INFO  : ps7_init is completed.
13:14:14 INFO  : ps7_post_config is completed.
13:14:15 INFO  : Processor reset is completed for ps7_cortexa9_0
13:14:16 INFO  : Memory regions updated for context APU
13:14:19 INFO  : Application is downloaded for ps7_cortexa9_0. (/home/jal/dhu_gse_workspace/dhu_gse_workspace_04_24/OSExpl/Debug/OSExpl.elf)
13:17:30 INFO  : ps7_init is completed.
13:17:30 INFO  : ps7_post_config is completed.
13:17:31 INFO  : Processor reset is completed for ps7_cortexa9_0
13:17:31 INFO  : Memory regions updated for context APU
13:17:34 INFO  : Application is downloaded for ps7_cortexa9_0. (/home/jal/dhu_gse_workspace/dhu_gse_workspace_04_24/OSExpl/Debug/OSExpl.elf)
13:24:19 INFO  : ps7_init is completed.
13:24:19 INFO  : ps7_post_config is completed.
13:24:20 INFO  : Processor reset is completed for ps7_cortexa9_0
13:24:20 INFO  : Memory regions updated for context APU
13:24:23 INFO  : Application is downloaded for ps7_cortexa9_0. (/home/jal/dhu_gse_workspace/dhu_gse_workspace_04_24/OSExpl/Debug/OSExpl.elf)
13:29:21 INFO  : ps7_init is completed.
13:29:21 INFO  : ps7_post_config is completed.
13:29:22 INFO  : Processor reset is completed for ps7_cortexa9_0
13:29:22 INFO  : Memory regions updated for context APU
13:29:25 INFO  : Application is downloaded for ps7_cortexa9_0. (/home/jal/dhu_gse_workspace/dhu_gse_workspace_04_24/OSExpl/Debug/OSExpl.elf)
13:34:54 INFO  : ps7_init is completed.
13:34:54 INFO  : ps7_post_config is completed.
13:34:55 INFO  : Processor reset is completed for ps7_cortexa9_0
13:34:55 INFO  : Memory regions updated for context APU
13:34:58 INFO  : Application is downloaded for ps7_cortexa9_0. (/home/jal/dhu_gse_workspace/dhu_gse_workspace_04_24/OSExpl/Debug/OSExpl.elf)
13:57:42 INFO  : ps7_init is completed.
13:57:42 INFO  : ps7_post_config is completed.
13:57:42 INFO  : Processor reset is completed for ps7_cortexa9_0
13:57:43 INFO  : Memory regions updated for context APU
13:57:46 INFO  : Application is downloaded for ps7_cortexa9_0. (/home/jal/dhu_gse_workspace/dhu_gse_workspace_04_24/OSExpl/Debug/OSExpl.elf)
15:12:03 INFO  : ps7_init is completed.
15:12:03 INFO  : ps7_post_config is completed.
15:12:03 INFO  : Processor reset is completed for ps7_cortexa9_0
15:12:04 INFO  : Memory regions updated for context APU
15:12:07 INFO  : Application is downloaded for ps7_cortexa9_0. (/home/jal/dhu_gse_workspace/dhu_gse_workspace_04_24/OSExpl/Debug/OSExpl.elf)
15:26:14 INFO  : ps7_init is completed.
15:26:14 INFO  : ps7_post_config is completed.
15:26:15 INFO  : Processor reset is completed for ps7_cortexa9_0
15:26:15 INFO  : Memory regions updated for context APU
15:26:18 INFO  : Application is downloaded for ps7_cortexa9_0. (/home/jal/dhu_gse_workspace/dhu_gse_workspace_04_24/OSExpl/Debug/OSExpl.elf)
15:29:26 INFO  : Processor reset is completed for ps7_cortexa9_0
15:29:26 INFO  : Memory regions updated for context APU
15:29:30 INFO  : Application is downloaded for ps7_cortexa9_0. (/home/jal/dhu_gse_workspace/dhu_gse_workspace_04_24/OSExpl/Debug/OSExpl.elf)
16:34:30 INFO  : ps7_init is completed.
16:34:30 INFO  : ps7_post_config is completed.
16:34:31 INFO  : Processor reset is completed for ps7_cortexa9_0
16:34:31 INFO  : Memory regions updated for context APU
16:34:34 INFO  : Application is downloaded for ps7_cortexa9_0. (/home/jal/dhu_gse_workspace/dhu_gse_workspace_04_24/OSExpl/Debug/OSExpl.elf)
16:35:50 INFO  : Processor reset is completed for ps7_cortexa9_0
16:35:51 INFO  : Memory regions updated for context APU
16:35:54 INFO  : Application is downloaded for ps7_cortexa9_0. (/home/jal/dhu_gse_workspace/dhu_gse_workspace_04_24/OSExpl/Debug/OSExpl.elf)
16:37:00 INFO  : Processor reset is completed for ps7_cortexa9_0
16:37:01 INFO  : Memory regions updated for context APU
16:37:04 INFO  : Application is downloaded for ps7_cortexa9_0. (/home/jal/dhu_gse_workspace/dhu_gse_workspace_04_24/OSExpl/Debug/OSExpl.elf)
16:38:38 INFO  : ps7_init is completed.
16:38:38 INFO  : ps7_post_config is completed.
16:38:39 INFO  : Processor reset is completed for ps7_cortexa9_0
16:38:39 INFO  : Memory regions updated for context APU
16:38:42 INFO  : Application is downloaded for ps7_cortexa9_0. (/home/jal/dhu_gse_workspace/dhu_gse_workspace_04_24/OSExpl/Debug/OSExpl.elf)
16:47:12 INFO  : Processor reset is completed for ps7_cortexa9_0
16:47:12 INFO  : Memory regions updated for context APU
16:47:16 INFO  : Application is downloaded for ps7_cortexa9_0. (/home/jal/dhu_gse_workspace/dhu_gse_workspace_04_24/OSExpl/Debug/OSExpl.elf)
16:52:39 INFO  : Processor reset is completed for ps7_cortexa9_0
16:52:39 INFO  : Memory regions updated for context APU
16:52:42 INFO  : Application is downloaded for ps7_cortexa9_0. (/home/jal/dhu_gse_workspace/dhu_gse_workspace_04_24/OSExpl/Debug/OSExpl.elf)
16:53:45 INFO  : ps7_init is completed.
16:53:45 INFO  : ps7_post_config is completed.
16:53:46 INFO  : Processor reset is completed for ps7_cortexa9_0
16:53:46 INFO  : Memory regions updated for context APU
16:53:49 INFO  : Application is downloaded for ps7_cortexa9_0. (/home/jal/dhu_gse_workspace/dhu_gse_workspace_04_24/OSExpl/Debug/OSExpl.elf)
17:02:52 INFO  : ps7_init is completed.
17:02:52 INFO  : ps7_post_config is completed.
17:02:53 INFO  : Processor reset is completed for ps7_cortexa9_0
17:02:53 INFO  : Memory regions updated for context APU
17:02:56 INFO  : Application is downloaded for ps7_cortexa9_0. (/home/jal/dhu_gse_workspace/dhu_gse_workspace_04_24/OSExpl/Debug/OSExpl.elf)
10:26:07 INFO  : ps7_init is completed.
10:26:07 INFO  : ps7_post_config is completed.
10:26:08 INFO  : Processor reset is completed for ps7_cortexa9_0
10:26:08 INFO  : Memory regions updated for context APU
10:26:11 INFO  : Application is downloaded for ps7_cortexa9_0. (/home/jal/dhu_gse_workspace/dhu_gse_workspace_04_24/OSExpl/Debug/OSExpl.elf)
10:36:45 INFO  : ps7_init is completed.
10:36:45 INFO  : ps7_post_config is completed.
10:36:45 INFO  : Processor reset is completed for ps7_cortexa9_0
10:36:46 INFO  : Memory regions updated for context APU
10:36:49 INFO  : Application is downloaded for ps7_cortexa9_0. (/home/jal/dhu_gse_workspace/dhu_gse_workspace_04_24/OSExpl/Debug/OSExpl.elf)
10:39:16 INFO  : Processor reset is completed for ps7_cortexa9_0
10:39:16 INFO  : Memory regions updated for context APU
10:39:19 INFO  : Application is downloaded for ps7_cortexa9_0. (/home/jal/dhu_gse_workspace/dhu_gse_workspace_04_24/OSExpl/Debug/OSExpl.elf)
10:40:20 INFO  : ps7_init is completed.
10:40:20 INFO  : ps7_post_config is completed.
10:40:21 INFO  : Processor reset is completed for ps7_cortexa9_0
10:40:21 INFO  : Memory regions updated for context APU
10:40:25 INFO  : Application is downloaded for ps7_cortexa9_0. (/home/jal/dhu_gse_workspace/dhu_gse_workspace_04_24/OSExpl/Debug/OSExpl.elf)
10:47:04 INFO  : Processor reset is completed for ps7_cortexa9_0
10:47:04 INFO  : Memory regions updated for context APU
10:47:07 INFO  : Application is downloaded for ps7_cortexa9_0. (/home/jal/dhu_gse_workspace/dhu_gse_workspace_04_24/OSExpl/Debug/OSExpl.elf)
10:47:41 INFO  : ps7_init is completed.
10:47:42 INFO  : ps7_post_config is completed.
10:47:42 INFO  : Processor reset is completed for ps7_cortexa9_0
10:47:43 INFO  : Memory regions updated for context APU
10:47:46 INFO  : Application is downloaded for ps7_cortexa9_0. (/home/jal/dhu_gse_workspace/dhu_gse_workspace_04_24/OSExpl/Debug/OSExpl.elf)
12:12:47 INFO  : ps7_init is completed.
12:12:48 INFO  : ps7_post_config is completed.
12:12:48 INFO  : Processor reset is completed for ps7_cortexa9_0
12:12:49 INFO  : Memory regions updated for context APU
12:12:52 INFO  : Application is downloaded for ps7_cortexa9_0. (/home/jal/dhu_gse_workspace/dhu_gse_workspace_04_24/OSExpl/Debug/OSExpl.elf)
12:13:47 INFO  : ps7_init is completed.
12:13:47 INFO  : ps7_post_config is completed.
12:13:48 INFO  : Processor reset is completed for ps7_cortexa9_0
12:13:48 INFO  : Memory regions updated for context APU
12:13:51 INFO  : Application is downloaded for ps7_cortexa9_0. (/home/jal/dhu_gse_workspace/dhu_gse_workspace_04_24/OSExpl/Debug/OSExpl.elf)
12:54:36 INFO  : ps7_init is completed.
12:54:36 INFO  : ps7_post_config is completed.
12:54:37 INFO  : Processor reset is completed for ps7_cortexa9_0
12:54:37 INFO  : Memory regions updated for context APU
12:54:41 INFO  : Application is downloaded for ps7_cortexa9_0. (/home/jal/dhu_gse_workspace/dhu_gse_workspace_04_24/OSExpl/Debug/OSExpl.elf)
13:25:44 INFO  : ps7_init is completed.
13:25:44 INFO  : ps7_post_config is completed.
13:25:45 INFO  : Processor reset is completed for ps7_cortexa9_0
13:25:45 INFO  : Memory regions updated for context APU
13:25:48 INFO  : Application is downloaded for ps7_cortexa9_0. (/home/jal/dhu_gse_workspace/dhu_gse_workspace_04_24/OSExpl/Debug/OSExpl.elf)
13:27:56 INFO  : ps7_init is completed.
13:27:56 INFO  : ps7_post_config is completed.
13:27:57 INFO  : Processor reset is completed for ps7_cortexa9_0
13:27:58 INFO  : Memory regions updated for context APU
13:28:01 INFO  : Application is downloaded for ps7_cortexa9_0. (/home/jal/dhu_gse_workspace/dhu_gse_workspace_04_24/OSExpl/Debug/OSExpl.elf)
13:46:29 INFO  : ps7_init is completed.
13:46:29 INFO  : ps7_post_config is completed.
13:46:30 INFO  : Processor reset is completed for ps7_cortexa9_0
13:46:30 INFO  : Memory regions updated for context APU
13:46:34 INFO  : Application is downloaded for ps7_cortexa9_0. (/home/jal/dhu_gse_workspace/dhu_gse_workspace_04_24/OSExpl/Debug/OSExpl.elf)
14:00:55 INFO  : ps7_init is completed.
14:00:55 INFO  : ps7_post_config is completed.
14:00:56 INFO  : Processor reset is completed for ps7_cortexa9_0
14:00:56 INFO  : Memory regions updated for context APU
14:01:00 INFO  : Application is downloaded for ps7_cortexa9_0. (/home/jal/dhu_gse_workspace/dhu_gse_workspace_04_24/OSExpl/Debug/OSExpl.elf)
14:25:35 INFO  : ps7_init is completed.
14:25:36 INFO  : ps7_post_config is completed.
14:25:36 INFO  : Processor reset is completed for ps7_cortexa9_0
14:25:37 INFO  : Memory regions updated for context APU
14:25:40 INFO  : Application is downloaded for ps7_cortexa9_0. (/home/jal/dhu_gse_workspace/dhu_gse_workspace_04_24/OSExpl/Debug/OSExpl.elf)
15:17:25 INFO  : ps7_init is completed.
15:17:25 INFO  : ps7_post_config is completed.
15:17:25 INFO  : Processor reset is completed for ps7_cortexa9_0
15:17:26 INFO  : Memory regions updated for context APU
15:17:29 INFO  : Application is downloaded for ps7_cortexa9_0. (/home/jal/dhu_gse_workspace/dhu_gse_workspace_04_24/OSExpl/Debug/OSExpl.elf)
09:04:04 INFO  : ps7_init is completed.
09:04:04 INFO  : ps7_post_config is completed.
09:04:05 INFO  : Processor reset is completed for ps7_cortexa9_0
09:04:05 INFO  : Memory regions updated for context APU
09:04:09 INFO  : Application is downloaded for ps7_cortexa9_0. (/home/jal/dhu_gse_workspace/dhu_gse_workspace_04_24/OSExpl/Debug/OSExpl.elf)
09:05:08 INFO  : Processor reset is completed for ps7_cortexa9_0
09:05:08 INFO  : Memory regions updated for context APU
09:05:12 INFO  : Application is downloaded for ps7_cortexa9_0. (/home/jal/dhu_gse_workspace/dhu_gse_workspace_04_24/OSExpl/Debug/OSExpl.elf)
09:05:55 INFO  : Processor reset is completed for ps7_cortexa9_0
09:05:55 INFO  : Memory regions updated for context APU
09:05:59 INFO  : Application is downloaded for ps7_cortexa9_0. (/home/jal/dhu_gse_workspace/dhu_gse_workspace_04_24/OSExpl/Debug/OSExpl.elf)
09:08:05 INFO  : ps7_init is completed.
09:08:05 INFO  : ps7_post_config is completed.
09:08:05 INFO  : Processor reset is completed for ps7_cortexa9_0
09:08:06 INFO  : Memory regions updated for context APU
09:08:09 INFO  : Application is downloaded for ps7_cortexa9_0. (/home/jal/dhu_gse_workspace/dhu_gse_workspace_04_24/OSExpl/Debug/OSExpl.elf)
09:14:10 INFO  : ps7_init is completed.
09:14:10 INFO  : ps7_post_config is completed.
09:14:11 INFO  : Processor reset is completed for ps7_cortexa9_0
09:14:11 INFO  : Memory regions updated for context APU
09:14:15 INFO  : Application is downloaded for ps7_cortexa9_0. (/home/jal/dhu_gse_workspace/dhu_gse_workspace_04_24/OSExpl/Debug/OSExpl.elf)
09:23:06 INFO  : Processor reset is completed for ps7_cortexa9_0
09:23:06 INFO  : Memory regions updated for context APU
09:23:09 INFO  : Application is downloaded for ps7_cortexa9_0. (/home/jal/dhu_gse_workspace/dhu_gse_workspace_04_24/OSExpl/Debug/OSExpl.elf)
10:00:40 INFO  : ps7_init is completed.
10:00:40 INFO  : ps7_post_config is completed.
10:00:41 INFO  : Processor reset is completed for ps7_cortexa9_0
10:00:41 INFO  : Memory regions updated for context APU
10:00:45 INFO  : Application is downloaded for ps7_cortexa9_0. (/home/jal/dhu_gse_workspace/dhu_gse_workspace_04_24/OSExpl/Debug/OSExpl.elf)
10:02:55 INFO  : Processor reset is completed for ps7_cortexa9_0
10:02:56 INFO  : Memory regions updated for context APU
10:02:59 INFO  : Application is downloaded for ps7_cortexa9_0. (/home/jal/dhu_gse_workspace/dhu_gse_workspace_04_24/OSExpl/Debug/OSExpl.elf)
10:34:22 INFO  : ps7_init is completed.
10:34:22 INFO  : ps7_post_config is completed.
10:34:23 INFO  : Processor reset is completed for ps7_cortexa9_0
10:34:23 INFO  : Memory regions updated for context APU
10:34:26 INFO  : Application is downloaded for ps7_cortexa9_0. (/home/jal/dhu_gse_workspace/dhu_gse_workspace_04_24/OSExpl/Debug/OSExpl.elf)
16:27:29 INFO  : Launching XSDB server: xsdb -s /opt/Xilinx/SDK/2014.4/scripts/xsdb/xsdb/xsdb-server.tcl 2450
16:29:08 INFO  : Launching XSDB server: xsdb -s /opt/Xilinx/SDK/2014.4/scripts/xsdb/xsdb/xsdb-server.tcl 2450
16:29:22 ERROR : FPGA Configuration failed.Failed to download the bit file

    Failed to configure device 2 (xc7z045) with bitstream /home/jal/dhu_gse_workspace_05_21_rampOK/GSE_DHU_design/GSE_DHUWrapper.bit
    Reason: Bitfile is incompatible for this device.


16:30:59 INFO  : ps7_init is completed.
16:30:59 INFO  : ps7_post_config is completed.
16:31:00 INFO  : Processor reset is completed for ps7_cortexa9_0
16:31:00 INFO  : Memory regions updated for context APU
16:31:03 INFO  : Application is downloaded for ps7_cortexa9_0. (/home/jal/dhu_gse_workspace_05_21_rampOK/OSExpl/Debug/OSExpl.elf)
16:33:58 INFO  : ps7_init is completed.
16:33:58 INFO  : ps7_post_config is completed.
16:33:59 INFO  : Processor reset is completed for ps7_cortexa9_0
16:33:59 INFO  : Memory regions updated for context APU
16:34:02 INFO  : Application is downloaded for ps7_cortexa9_0. (/home/jal/dhu_gse_workspace_05_21_rampOK/OSExpl/Debug/OSExpl.elf)
17:11:19 INFO  : ps7_init is completed.
17:11:19 INFO  : ps7_post_config is completed.
17:11:20 INFO  : Processor reset is completed for ps7_cortexa9_0
17:11:20 INFO  : Memory regions updated for context APU
17:11:23 INFO  : Application is downloaded for ps7_cortexa9_0. (/home/jal/dhu_gse_workspace_05_21_rampOK/OSExpl/Debug/OSExpl.elf)
10:06:58 INFO  : Invoking Bootgen: bootgen -image OSExpl.bif -o /home/jal/dhu_gse_workspace_05_21_rampOK/bootFiles/BOOT.mcs
10:06:58 INFO  : Creating new bif file /home/jal/dhu_gse_workspace_05_21_rampOK/bootFiles/OSExpl.bif
10:07:00 INFO  : Bootgen command execution is done.
10:30:03 INFO  : Invoking Bootgen: bootgen -image OSExpl.bif -o /home/jal/dhu_gse_workspace_05_21_rampOK/bootFiles/BOOT.mcs -w on
10:30:05 INFO  : Bootgen command execution is done.
10:32:18 INFO  : Invoking Bootgen: bootgen -image OSExpl.bif -o /home/jal/dhu_gse_workspace_05_21_rampOK/bootFiles/BOOT.bin
10:32:18 INFO  : Bootgen command execution is done.
10:47:41 INFO  : Invoking Bootgen: bootgen -image OSExpl.bif -o /home/jal/dhu_gse_workspace_05_21_rampOK/bootFiles/BOOT.mcs -w on
10:47:43 INFO  : Bootgen command execution is done.
11:02:33 ERROR : Unexpected error while parsing XMD response ￿: com.google.gson.JsonSyntaxException: com.google.gson.stream.MalformedJsonException: invalid number or unquoted string near 
11:02:45 INFO  : Launching XSDB server: xsdb -s /opt/Xilinx/SDK/2014.4/scripts/xsdb/xsdb/xsdb-server.tcl 2450
12:39:22 INFO  : Launching XSDB server: xsdb -s /opt/Xilinx/SDK/2014.4/scripts/xsdb/xsdb/xsdb-server.tcl 2450
13:00:35 INFO  : Launching XSDB server: xsdb -s /opt/Xilinx/SDK/2014.4/scripts/xsdb/xsdb/xsdb-server.tcl 2450
13:55:51 INFO  : Launching XSDB server: xsdb -s /opt/Xilinx/SDK/2014.4/scripts/xsdb/xsdb/xsdb-server.tcl 2450
13:58:23 INFO  : Project 'GSE_DHUWrapper_hw_platform_0' created. You can now create BSPs and application projects targeting this hardware platform.
14:01:24 INFO  : Invoking Bootgen: bootgen -image OSExpl.bif -o /home/jal/dhu_gse_workspace_06_02_bitrev8/bootFiles/BOOT.bin -w on
14:01:24 INFO  : Overwriting existing bif file /home/jal/dhu_gse_workspace_06_02_bitrev8/bootFiles/OSExpl.bif
14:01:25 INFO  : Bootgen command execution is done.
